<?xml version="1.0" encoding="UTF-8"?>
<!-- Generated by org.testng.reporters.JUnitXMLReporter -->
<testsuite hostname="stolfa" name="Default test" tests="3" failures="0" timestamp="25 Nov 2018 21:33:48 GMT" time="0.067" errors="0">
  <testcase name="testRecipes" time="0.052" classname="com.stolfa.salestaxes.service.ShoppingServiceTest"/>
  <testcase name="testRecipes" time="0.0" classname="com.stolfa.salestaxes.service.ShoppingServiceTest"/>
  <testcase name="testRecipes" time="0.0" classname="com.stolfa.salestaxes.service.ShoppingServiceTest"/>
</testsuite> <!-- Default test -->
