<?xml version="1.0" encoding="UTF-8"?>
<!-- Generated by org.testng.reporters.JUnitXMLReporter -->
<testsuite hostname="stolfa" name="Default test" tests="3" failures="0" timestamp="25 Nov 2018 21:15:51 GMT" time="0.094" errors="0">
  <testcase name="testRecipes" time="0.062" classname="com.stolfa.salestaxes.service.ShoppingServiceTest"/>
  <testcase name="testRecipes" time="0.016" classname="com.stolfa.salestaxes.service.ShoppingServiceTest"/>
  <testcase name="testRecipes" time="0.0" classname="com.stolfa.salestaxes.service.ShoppingServiceTest"/>
</testsuite> <!-- Default test -->
